[0.073s] DEBUG:colcon:Command line arguments: ['/usr/bin/colcon', 'build']
[0.073s] DEBUG:colcon:Parsed command line arguments: Namespace(log_base=None, log_level=None, verb_name='build', build_base='build', install_base='install', merge_install=False, symlink_install=False, test_result_base=None, continue_on_error=False, executor='parallel', parallel_workers=12, event_handlers=None, ignore_user_meta=False, metas=['./colcon.meta'], base_paths=['.'], packages_ignore=None, packages_ignore_regex=None, paths=None, packages_up_to=None, packages_up_to_regex=None, packages_above=None, packages_above_and_dependencies=None, packages_above_depth=None, packages_select_by_dep=None, packages_skip_by_dep=None, packages_skip_up_to=None, packages_select_build_failed=False, packages_skip_build_finished=False, packages_select_test_failures=False, packages_skip_test_passed=False, packages_select=None, packages_skip=None, packages_select_regex=None, packages_skip_regex=None, packages_start=None, packages_end=None, allow_overriding=[], cmake_args=None, cmake_target=None, cmake_target_skip_unavailable=False, cmake_clean_cache=False, cmake_clean_first=False, cmake_force_configure=False, ament_cmake_args=None, catkin_cmake_args=None, catkin_skip_building_tests=False, verb_parser=<colcon_defaults.argument_parser.defaults.DefaultArgumentsDecorator object at 0x7a421d60e710>, verb_extension=<colcon_core.verb.build.BuildVerb object at 0x7a421d717460>, main=<bound method BuildVerb.main of <colcon_core.verb.build.BuildVerb object at 0x7a421d717460>>)
[0.097s] Level 1:colcon.colcon_core.package_discovery:discover_packages(colcon_meta) check parameters
[0.097s] Level 1:colcon.colcon_core.package_discovery:discover_packages(recursive) check parameters
[0.097s] Level 1:colcon.colcon_core.package_discovery:discover_packages(ignore) check parameters
[0.097s] Level 1:colcon.colcon_core.package_discovery:discover_packages(path) check parameters
[0.097s] Level 1:colcon.colcon_core.package_discovery:discover_packages(colcon_meta) discover
[0.097s] Level 1:colcon.colcon_core.package_discovery:discover_packages(recursive) discover
[0.097s] INFO:colcon.colcon_core.package_discovery:Crawling recursively for packages in '/home/mjc/dev/proj/gole_hector_slam/src/ydlidar_ros2_driver'
[0.097s] Level 1:colcon.colcon_core.package_identification:_identify(.) by extensions ['ignore', 'ignore_ament_install']
[0.098s] Level 1:colcon.colcon_core.package_identification:_identify(.) by extension 'ignore'
[0.098s] Level 1:colcon.colcon_core.package_identification:_identify(.) by extension 'ignore_ament_install'
[0.098s] Level 1:colcon.colcon_core.package_identification:_identify(.) by extensions ['colcon_pkg']
[0.098s] Level 1:colcon.colcon_core.package_identification:_identify(.) by extension 'colcon_pkg'
[0.098s] Level 1:colcon.colcon_core.package_identification:_identify(.) by extensions ['colcon_meta']
[0.098s] Level 1:colcon.colcon_core.package_identification:_identify(.) by extension 'colcon_meta'
[0.098s] Level 1:colcon.colcon_core.package_identification:_identify(.) by extensions ['ros']
[0.098s] Level 1:colcon.colcon_core.package_identification:_identify(.) by extension 'ros'
[0.116s] DEBUG:colcon.colcon_core.package_identification:Package '.' with type 'ros.ament_cmake' and name 'ydlidar_ros2_driver'
[0.116s] Level 1:colcon.colcon_core.package_discovery:discover_packages(recursive) using defaults
[0.116s] Level 1:colcon.colcon_core.package_discovery:discover_packages(ignore) discover
[0.116s] Level 1:colcon.colcon_core.package_discovery:discover_packages(ignore) using defaults
[0.116s] Level 1:colcon.colcon_core.package_discovery:discover_packages(path) discover
[0.116s] Level 1:colcon.colcon_core.package_discovery:discover_packages(path) using defaults
[0.130s] Level 1:colcon.colcon_core.package_discovery:discover_packages(prefix_path) check parameters
[0.130s] Level 1:colcon.colcon_core.package_discovery:discover_packages(prefix_path) discover
[0.133s] DEBUG:colcon.colcon_installed_package_information.package_discovery:Found 39 installed packages in /home/mjc/nav2_ws/install
[0.134s] DEBUG:colcon.colcon_installed_package_information.package_discovery:Found 1 installed packages in /home/mjc/dev/proj/gole_hector_slam/install
[0.134s] DEBUG:colcon.colcon_installed_package_information.package_discovery:Found 12 installed packages in /home/mjc/dev/proj/gole_core_ros/install
[0.134s] DEBUG:colcon.colcon_installed_package_information.package_discovery:Found 3 installed packages in /home/mjc/dev/proj/cartographer_ros/install
[0.135s] DEBUG:colcon.colcon_installed_package_information.package_discovery:Found 459 installed packages in /opt/ros/humble
[0.137s] Level 1:colcon.colcon_core.package_discovery:discover_packages(prefix_path) using defaults
[0.177s] Level 5:colcon.colcon_core.verb:set package 'ydlidar_ros2_driver' build argument 'cmake_args' from command line to 'None'
[0.178s] Level 5:colcon.colcon_core.verb:set package 'ydlidar_ros2_driver' build argument 'cmake_target' from command line to 'None'
[0.178s] Level 5:colcon.colcon_core.verb:set package 'ydlidar_ros2_driver' build argument 'cmake_target_skip_unavailable' from command line to 'False'
[0.178s] Level 5:colcon.colcon_core.verb:set package 'ydlidar_ros2_driver' build argument 'cmake_clean_cache' from command line to 'False'
[0.178s] Level 5:colcon.colcon_core.verb:set package 'ydlidar_ros2_driver' build argument 'cmake_clean_first' from command line to 'False'
[0.178s] Level 5:colcon.colcon_core.verb:set package 'ydlidar_ros2_driver' build argument 'cmake_force_configure' from command line to 'False'
[0.178s] Level 5:colcon.colcon_core.verb:set package 'ydlidar_ros2_driver' build argument 'ament_cmake_args' from command line to 'None'
[0.178s] Level 5:colcon.colcon_core.verb:set package 'ydlidar_ros2_driver' build argument 'catkin_cmake_args' from command line to 'None'
[0.178s] Level 5:colcon.colcon_core.verb:set package 'ydlidar_ros2_driver' build argument 'catkin_skip_building_tests' from command line to 'False'
[0.178s] DEBUG:colcon.colcon_core.verb:Building package 'ydlidar_ros2_driver' with the following arguments: {'ament_cmake_args': None, 'build_base': '/home/mjc/dev/proj/gole_hector_slam/src/ydlidar_ros2_driver/build/ydlidar_ros2_driver', 'catkin_cmake_args': None, 'catkin_skip_building_tests': False, 'cmake_args': None, 'cmake_clean_cache': False, 'cmake_clean_first': False, 'cmake_force_configure': False, 'cmake_target': None, 'cmake_target_skip_unavailable': False, 'install_base': '/home/mjc/dev/proj/gole_hector_slam/src/ydlidar_ros2_driver/install/ydlidar_ros2_driver', 'merge_install': False, 'path': '/home/mjc/dev/proj/gole_hector_slam/src/ydlidar_ros2_driver', 'symlink_install': False, 'test_result_base': None}
[0.178s] INFO:colcon.colcon_core.executor:Executing jobs using 'parallel' executor
[0.178s] DEBUG:colcon.colcon_parallel_executor.executor.parallel:run_until_complete
[0.179s] INFO:colcon.colcon_ros.task.ament_cmake.build:Building ROS package in '/home/mjc/dev/proj/gole_hector_slam/src/ydlidar_ros2_driver' with build type 'ament_cmake'
[0.179s] INFO:colcon.colcon_cmake.task.cmake.build:Building CMake package in '/home/mjc/dev/proj/gole_hector_slam/src/ydlidar_ros2_driver'
[0.180s] INFO:colcon.colcon_core.plugin_system:Skipping extension 'colcon_core.shell.bat': Not used on non-Windows systems
[0.180s] INFO:colcon.colcon_core.shell:Skip shell extension 'powershell' for command environment: Not usable outside of PowerShell
[0.180s] DEBUG:colcon.colcon_core.shell:Skip shell extension 'dsv' for command environment
[0.190s] DEBUG:colcon.colcon_core.event_handler.log_command:Invoking command in '/home/mjc/dev/proj/gole_hector_slam/src/ydlidar_ros2_driver/build/ydlidar_ros2_driver': CMAKE_PREFIX_PATH=${CMAKE_PREFIX_PATH}:/home/mjc/nav2_ws/install/nav2_simple_commander:/home/mjc/dev/proj/gole_core_ros/install/wit_ros2_imu:/opt/ros/humble /usr/bin/cmake --build /home/mjc/dev/proj/gole_hector_slam/src/ydlidar_ros2_driver/build/ydlidar_ros2_driver -- -j12 -l12
[6.231s] DEBUG:colcon.colcon_core.event_handler.log_command:Invoked command in '/home/mjc/dev/proj/gole_hector_slam/src/ydlidar_ros2_driver/build/ydlidar_ros2_driver' returned '0': CMAKE_PREFIX_PATH=${CMAKE_PREFIX_PATH}:/home/mjc/nav2_ws/install/nav2_simple_commander:/home/mjc/dev/proj/gole_core_ros/install/wit_ros2_imu:/opt/ros/humble /usr/bin/cmake --build /home/mjc/dev/proj/gole_hector_slam/src/ydlidar_ros2_driver/build/ydlidar_ros2_driver -- -j12 -l12
[6.294s] DEBUG:colcon.colcon_core.event_handler.log_command:Invoking command in '/home/mjc/dev/proj/gole_hector_slam/src/ydlidar_ros2_driver/build/ydlidar_ros2_driver': CMAKE_PREFIX_PATH=${CMAKE_PREFIX_PATH}:/home/mjc/nav2_ws/install/nav2_simple_commander:/home/mjc/dev/proj/gole_core_ros/install/wit_ros2_imu:/opt/ros/humble /usr/bin/cmake --install /home/mjc/dev/proj/gole_hector_slam/src/ydlidar_ros2_driver/build/ydlidar_ros2_driver
[6.318s] Level 1:colcon.colcon_core.environment:create_environment_scripts_only(ydlidar_ros2_driver)
[6.319s] DEBUG:colcon.colcon_core.event_handler.log_command:Invoked command in '/home/mjc/dev/proj/gole_hector_slam/src/ydlidar_ros2_driver/build/ydlidar_ros2_driver' returned '0': CMAKE_PREFIX_PATH=${CMAKE_PREFIX_PATH}:/home/mjc/nav2_ws/install/nav2_simple_commander:/home/mjc/dev/proj/gole_core_ros/install/wit_ros2_imu:/opt/ros/humble /usr/bin/cmake --install /home/mjc/dev/proj/gole_hector_slam/src/ydlidar_ros2_driver/build/ydlidar_ros2_driver
[6.321s] Level 1:colcon.colcon_core.environment:checking '/home/mjc/dev/proj/gole_hector_slam/src/ydlidar_ros2_driver/install/ydlidar_ros2_driver' for CMake module files
[6.322s] Level 1:colcon.colcon_core.environment:checking '/home/mjc/dev/proj/gole_hector_slam/src/ydlidar_ros2_driver/install/ydlidar_ros2_driver' for CMake config files
[6.322s] Level 1:colcon.colcon_core.shell:create_environment_hook('ydlidar_ros2_driver', 'cmake_prefix_path')
[6.323s] INFO:colcon.colcon_core.shell:Creating environment hook '/home/mjc/dev/proj/gole_hector_slam/src/ydlidar_ros2_driver/install/ydlidar_ros2_driver/share/ydlidar_ros2_driver/hook/cmake_prefix_path.ps1'
[6.323s] INFO:colcon.colcon_core.shell:Creating environment descriptor '/home/mjc/dev/proj/gole_hector_slam/src/ydlidar_ros2_driver/install/ydlidar_ros2_driver/share/ydlidar_ros2_driver/hook/cmake_prefix_path.dsv'
[6.324s] INFO:colcon.colcon_core.shell:Creating environment hook '/home/mjc/dev/proj/gole_hector_slam/src/ydlidar_ros2_driver/install/ydlidar_ros2_driver/share/ydlidar_ros2_driver/hook/cmake_prefix_path.sh'
[6.325s] Level 1:colcon.colcon_core.environment:checking '/home/mjc/dev/proj/gole_hector_slam/src/ydlidar_ros2_driver/install/ydlidar_ros2_driver/lib'
[6.325s] Level 1:colcon.colcon_core.environment:checking '/home/mjc/dev/proj/gole_hector_slam/src/ydlidar_ros2_driver/install/ydlidar_ros2_driver/bin'
[6.325s] Level 1:colcon.colcon_core.environment:checking '/home/mjc/dev/proj/gole_hector_slam/src/ydlidar_ros2_driver/install/ydlidar_ros2_driver/lib/pkgconfig/ydlidar_ros2_driver.pc'
[6.325s] Level 1:colcon.colcon_core.environment:checking '/home/mjc/dev/proj/gole_hector_slam/src/ydlidar_ros2_driver/install/ydlidar_ros2_driver/lib/python3.10/site-packages'
[6.325s] Level 1:colcon.colcon_core.environment:checking '/home/mjc/dev/proj/gole_hector_slam/src/ydlidar_ros2_driver/install/ydlidar_ros2_driver/bin'
[6.326s] INFO:colcon.colcon_core.shell:Creating package script '/home/mjc/dev/proj/gole_hector_slam/src/ydlidar_ros2_driver/install/ydlidar_ros2_driver/share/ydlidar_ros2_driver/package.ps1'
[6.326s] INFO:colcon.colcon_core.shell:Creating package descriptor '/home/mjc/dev/proj/gole_hector_slam/src/ydlidar_ros2_driver/install/ydlidar_ros2_driver/share/ydlidar_ros2_driver/package.dsv'
[6.327s] INFO:colcon.colcon_core.shell:Creating package script '/home/mjc/dev/proj/gole_hector_slam/src/ydlidar_ros2_driver/install/ydlidar_ros2_driver/share/ydlidar_ros2_driver/package.sh'
[6.328s] INFO:colcon.colcon_core.shell:Creating package script '/home/mjc/dev/proj/gole_hector_slam/src/ydlidar_ros2_driver/install/ydlidar_ros2_driver/share/ydlidar_ros2_driver/package.bash'
[6.328s] INFO:colcon.colcon_core.shell:Creating package script '/home/mjc/dev/proj/gole_hector_slam/src/ydlidar_ros2_driver/install/ydlidar_ros2_driver/share/ydlidar_ros2_driver/package.zsh'
[6.329s] Level 1:colcon.colcon_core.environment:create_file_with_runtime_dependencies(/home/mjc/dev/proj/gole_hector_slam/src/ydlidar_ros2_driver/install/ydlidar_ros2_driver/share/colcon-core/packages/ydlidar_ros2_driver)
[6.383s] Level 1:colcon.colcon_core.environment:create_environment_scripts_only(ydlidar_ros2_driver)
[6.384s] Level 1:colcon.colcon_core.environment:checking '/home/mjc/dev/proj/gole_hector_slam/src/ydlidar_ros2_driver/install/ydlidar_ros2_driver' for CMake module files
[6.384s] Level 1:colcon.colcon_core.environment:checking '/home/mjc/dev/proj/gole_hector_slam/src/ydlidar_ros2_driver/install/ydlidar_ros2_driver' for CMake config files
[6.385s] Level 1:colcon.colcon_core.shell:create_environment_hook('ydlidar_ros2_driver', 'cmake_prefix_path')
[6.385s] INFO:colcon.colcon_core.shell:Creating environment hook '/home/mjc/dev/proj/gole_hector_slam/src/ydlidar_ros2_driver/install/ydlidar_ros2_driver/share/ydlidar_ros2_driver/hook/cmake_prefix_path.ps1'
[6.386s] INFO:colcon.colcon_core.shell:Creating environment descriptor '/home/mjc/dev/proj/gole_hector_slam/src/ydlidar_ros2_driver/install/ydlidar_ros2_driver/share/ydlidar_ros2_driver/hook/cmake_prefix_path.dsv'
[6.386s] INFO:colcon.colcon_core.shell:Creating environment hook '/home/mjc/dev/proj/gole_hector_slam/src/ydlidar_ros2_driver/install/ydlidar_ros2_driver/share/ydlidar_ros2_driver/hook/cmake_prefix_path.sh'
[6.387s] Level 1:colcon.colcon_core.environment:checking '/home/mjc/dev/proj/gole_hector_slam/src/ydlidar_ros2_driver/install/ydlidar_ros2_driver/lib'
[6.387s] Level 1:colcon.colcon_core.environment:checking '/home/mjc/dev/proj/gole_hector_slam/src/ydlidar_ros2_driver/install/ydlidar_ros2_driver/bin'
[6.387s] Level 1:colcon.colcon_core.environment:checking '/home/mjc/dev/proj/gole_hector_slam/src/ydlidar_ros2_driver/install/ydlidar_ros2_driver/lib/pkgconfig/ydlidar_ros2_driver.pc'
[6.387s] Level 1:colcon.colcon_core.environment:checking '/home/mjc/dev/proj/gole_hector_slam/src/ydlidar_ros2_driver/install/ydlidar_ros2_driver/lib/python3.10/site-packages'
[6.388s] Level 1:colcon.colcon_core.environment:checking '/home/mjc/dev/proj/gole_hector_slam/src/ydlidar_ros2_driver/install/ydlidar_ros2_driver/bin'
[6.388s] INFO:colcon.colcon_core.shell:Creating package script '/home/mjc/dev/proj/gole_hector_slam/src/ydlidar_ros2_driver/install/ydlidar_ros2_driver/share/ydlidar_ros2_driver/package.ps1'
[6.388s] INFO:colcon.colcon_core.shell:Creating package descriptor '/home/mjc/dev/proj/gole_hector_slam/src/ydlidar_ros2_driver/install/ydlidar_ros2_driver/share/ydlidar_ros2_driver/package.dsv'
[6.389s] INFO:colcon.colcon_core.shell:Creating package script '/home/mjc/dev/proj/gole_hector_slam/src/ydlidar_ros2_driver/install/ydlidar_ros2_driver/share/ydlidar_ros2_driver/package.sh'
[6.389s] INFO:colcon.colcon_core.shell:Creating package script '/home/mjc/dev/proj/gole_hector_slam/src/ydlidar_ros2_driver/install/ydlidar_ros2_driver/share/ydlidar_ros2_driver/package.bash'
[6.390s] INFO:colcon.colcon_core.shell:Creating package script '/home/mjc/dev/proj/gole_hector_slam/src/ydlidar_ros2_driver/install/ydlidar_ros2_driver/share/ydlidar_ros2_driver/package.zsh'
[6.390s] Level 1:colcon.colcon_core.environment:create_file_with_runtime_dependencies(/home/mjc/dev/proj/gole_hector_slam/src/ydlidar_ros2_driver/install/ydlidar_ros2_driver/share/colcon-core/packages/ydlidar_ros2_driver)
[6.390s] DEBUG:colcon.colcon_parallel_executor.executor.parallel:closing loop
[6.391s] DEBUG:colcon.colcon_parallel_executor.executor.parallel:loop closed
[6.391s] DEBUG:colcon.colcon_parallel_executor.executor.parallel:run_until_complete finished with '0'
[6.391s] DEBUG:colcon.colcon_core.event_reactor:joining thread
[6.398s] INFO:colcon.colcon_core.plugin_system:Skipping extension 'colcon_notification.desktop_notification.terminal_notifier': Not used on non-Darwin systems
[6.398s] INFO:colcon.colcon_core.plugin_system:Skipping extension 'colcon_notification.desktop_notification.win32': Not used on non-Windows systems
[6.398s] INFO:colcon.colcon_notification.desktop_notification:Sending desktop notification using 'notify2'
[6.413s] DEBUG:colcon.colcon_core.event_reactor:joined thread
[6.413s] INFO:colcon.colcon_core.shell:Creating prefix script '/home/mjc/dev/proj/gole_hector_slam/src/ydlidar_ros2_driver/install/local_setup.ps1'
[6.414s] INFO:colcon.colcon_core.shell:Creating prefix util module '/home/mjc/dev/proj/gole_hector_slam/src/ydlidar_ros2_driver/install/_local_setup_util_ps1.py'
[6.416s] INFO:colcon.colcon_core.shell:Creating prefix chain script '/home/mjc/dev/proj/gole_hector_slam/src/ydlidar_ros2_driver/install/setup.ps1'
[6.419s] INFO:colcon.colcon_core.shell:Creating prefix script '/home/mjc/dev/proj/gole_hector_slam/src/ydlidar_ros2_driver/install/local_setup.sh'
[6.420s] INFO:colcon.colcon_core.shell:Creating prefix util module '/home/mjc/dev/proj/gole_hector_slam/src/ydlidar_ros2_driver/install/_local_setup_util_sh.py'
[6.421s] INFO:colcon.colcon_core.shell:Creating prefix chain script '/home/mjc/dev/proj/gole_hector_slam/src/ydlidar_ros2_driver/install/setup.sh'
[6.424s] INFO:colcon.colcon_core.shell:Creating prefix script '/home/mjc/dev/proj/gole_hector_slam/src/ydlidar_ros2_driver/install/local_setup.bash'
[6.424s] INFO:colcon.colcon_core.shell:Creating prefix chain script '/home/mjc/dev/proj/gole_hector_slam/src/ydlidar_ros2_driver/install/setup.bash'
[6.427s] INFO:colcon.colcon_core.shell:Creating prefix script '/home/mjc/dev/proj/gole_hector_slam/src/ydlidar_ros2_driver/install/local_setup.zsh'
[6.427s] INFO:colcon.colcon_core.shell:Creating prefix chain script '/home/mjc/dev/proj/gole_hector_slam/src/ydlidar_ros2_driver/install/setup.zsh'
