[0.527s] DEBUG:colcon:Command line arguments: ['/usr/bin/colcon', 'build']
[0.527s] DEBUG:colcon:Parsed command line arguments: Namespace(log_base=None, log_level=None, verb_name='build', build_base='build', install_base='install', merge_install=False, symlink_install=False, test_result_base=None, continue_on_error=False, executor='parallel', parallel_workers=12, event_handlers=None, ignore_user_meta=False, metas=['./colcon.meta'], base_paths=['.'], packages_ignore=None, packages_ignore_regex=None, paths=None, packages_up_to=None, packages_up_to_regex=None, packages_above=None, packages_above_and_dependencies=None, packages_above_depth=None, packages_select_by_dep=None, packages_skip_by_dep=None, packages_skip_up_to=None, packages_select_build_failed=False, packages_skip_build_finished=False, packages_select_test_failures=False, packages_skip_test_passed=False, packages_select=None, packages_skip=None, packages_select_regex=None, packages_skip_regex=None, packages_start=None, packages_end=None, allow_overriding=[], cmake_args=None, cmake_target=None, cmake_target_skip_unavailable=False, cmake_clean_cache=False, cmake_clean_first=False, cmake_force_configure=False, ament_cmake_args=None, catkin_cmake_args=None, catkin_skip_building_tests=False, verb_parser=<colcon_defaults.argument_parser.defaults.DefaultArgumentsDecorator object at 0x7577f32c6710>, verb_extension=<colcon_core.verb.build.BuildVerb object at 0x7577f3417460>, main=<bound method BuildVerb.main of <colcon_core.verb.build.BuildVerb object at 0x7577f3417460>>)
[0.554s] Level 1:colcon.colcon_core.package_discovery:discover_packages(colcon_meta) check parameters
[0.554s] Level 1:colcon.colcon_core.package_discovery:discover_packages(recursive) check parameters
[0.554s] Level 1:colcon.colcon_core.package_discovery:discover_packages(ignore) check parameters
[0.554s] Level 1:colcon.colcon_core.package_discovery:discover_packages(path) check parameters
[0.554s] Level 1:colcon.colcon_core.package_discovery:discover_packages(colcon_meta) discover
[0.554s] Level 1:colcon.colcon_core.package_discovery:discover_packages(recursive) discover
[0.554s] INFO:colcon.colcon_core.package_discovery:Crawling recursively for packages in '/home/mjc/dev/proj/gole_hector_slam/src/ydlidar_ros2_driver'
[0.554s] Level 1:colcon.colcon_core.package_identification:_identify(.) by extensions ['ignore', 'ignore_ament_install']
[0.555s] Level 1:colcon.colcon_core.package_identification:_identify(.) by extension 'ignore'
[0.555s] Level 1:colcon.colcon_core.package_identification:_identify(.) by extension 'ignore_ament_install'
[0.555s] Level 1:colcon.colcon_core.package_identification:_identify(.) by extensions ['colcon_pkg']
[0.555s] Level 1:colcon.colcon_core.package_identification:_identify(.) by extension 'colcon_pkg'
[0.555s] Level 1:colcon.colcon_core.package_identification:_identify(.) by extensions ['colcon_meta']
[0.555s] Level 1:colcon.colcon_core.package_identification:_identify(.) by extension 'colcon_meta'
[0.555s] Level 1:colcon.colcon_core.package_identification:_identify(.) by extensions ['ros']
[0.555s] Level 1:colcon.colcon_core.package_identification:_identify(.) by extension 'ros'
[0.574s] DEBUG:colcon.colcon_core.package_identification:Package '.' with type 'ros.ament_cmake' and name 'ydlidar_ros2_driver'
[0.574s] Level 1:colcon.colcon_core.package_discovery:discover_packages(recursive) using defaults
[0.574s] Level 1:colcon.colcon_core.package_discovery:discover_packages(ignore) discover
[0.574s] Level 1:colcon.colcon_core.package_discovery:discover_packages(ignore) using defaults
[0.574s] Level 1:colcon.colcon_core.package_discovery:discover_packages(path) discover
[0.574s] Level 1:colcon.colcon_core.package_discovery:discover_packages(path) using defaults
[0.586s] Level 1:colcon.colcon_core.package_discovery:discover_packages(prefix_path) check parameters
[0.586s] Level 1:colcon.colcon_core.package_discovery:discover_packages(prefix_path) discover
[0.589s] DEBUG:colcon.colcon_installed_package_information.package_discovery:Found 39 installed packages in /home/mjc/nav2_ws/install
[0.590s] DEBUG:colcon.colcon_installed_package_information.package_discovery:Found 1 installed packages in /home/mjc/dev/proj/gole_hector_slam/install
[0.590s] DEBUG:colcon.colcon_installed_package_information.package_discovery:Found 12 installed packages in /home/mjc/dev/proj/gole_core_ros/install
[0.590s] DEBUG:colcon.colcon_installed_package_information.package_discovery:Found 3 installed packages in /home/mjc/dev/proj/cartographer_ros/install
[0.591s] DEBUG:colcon.colcon_installed_package_information.package_discovery:Found 459 installed packages in /opt/ros/humble
[0.594s] Level 1:colcon.colcon_core.package_discovery:discover_packages(prefix_path) using defaults
[0.636s] Level 5:colcon.colcon_core.verb:set package 'ydlidar_ros2_driver' build argument 'cmake_args' from command line to 'None'
[0.636s] Level 5:colcon.colcon_core.verb:set package 'ydlidar_ros2_driver' build argument 'cmake_target' from command line to 'None'
[0.636s] Level 5:colcon.colcon_core.verb:set package 'ydlidar_ros2_driver' build argument 'cmake_target_skip_unavailable' from command line to 'False'
[0.636s] Level 5:colcon.colcon_core.verb:set package 'ydlidar_ros2_driver' build argument 'cmake_clean_cache' from command line to 'False'
[0.636s] Level 5:colcon.colcon_core.verb:set package 'ydlidar_ros2_driver' build argument 'cmake_clean_first' from command line to 'False'
[0.636s] Level 5:colcon.colcon_core.verb:set package 'ydlidar_ros2_driver' build argument 'cmake_force_configure' from command line to 'False'
[0.636s] Level 5:colcon.colcon_core.verb:set package 'ydlidar_ros2_driver' build argument 'ament_cmake_args' from command line to 'None'
[0.636s] Level 5:colcon.colcon_core.verb:set package 'ydlidar_ros2_driver' build argument 'catkin_cmake_args' from command line to 'None'
[0.636s] Level 5:colcon.colcon_core.verb:set package 'ydlidar_ros2_driver' build argument 'catkin_skip_building_tests' from command line to 'False'
[0.636s] DEBUG:colcon.colcon_core.verb:Building package 'ydlidar_ros2_driver' with the following arguments: {'ament_cmake_args': None, 'build_base': '/home/mjc/dev/proj/gole_hector_slam/src/ydlidar_ros2_driver/build/ydlidar_ros2_driver', 'catkin_cmake_args': None, 'catkin_skip_building_tests': False, 'cmake_args': None, 'cmake_clean_cache': False, 'cmake_clean_first': False, 'cmake_force_configure': False, 'cmake_target': None, 'cmake_target_skip_unavailable': False, 'install_base': '/home/mjc/dev/proj/gole_hector_slam/src/ydlidar_ros2_driver/install/ydlidar_ros2_driver', 'merge_install': False, 'path': '/home/mjc/dev/proj/gole_hector_slam/src/ydlidar_ros2_driver', 'symlink_install': False, 'test_result_base': None}
[0.637s] INFO:colcon.colcon_core.executor:Executing jobs using 'parallel' executor
[0.637s] DEBUG:colcon.colcon_parallel_executor.executor.parallel:run_until_complete
[0.637s] INFO:colcon.colcon_ros.task.ament_cmake.build:Building ROS package in '/home/mjc/dev/proj/gole_hector_slam/src/ydlidar_ros2_driver' with build type 'ament_cmake'
[0.638s] INFO:colcon.colcon_cmake.task.cmake.build:Building CMake package in '/home/mjc/dev/proj/gole_hector_slam/src/ydlidar_ros2_driver'
[0.639s] INFO:colcon.colcon_core.plugin_system:Skipping extension 'colcon_core.shell.bat': Not used on non-Windows systems
[0.640s] INFO:colcon.colcon_core.shell:Skip shell extension 'powershell' for command environment: Not usable outside of PowerShell
[0.640s] DEBUG:colcon.colcon_core.shell:Skip shell extension 'dsv' for command environment
[0.649s] DEBUG:colcon.colcon_core.event_handler.log_command:Invoking command in '/home/mjc/dev/proj/gole_hector_slam/src/ydlidar_ros2_driver/build/ydlidar_ros2_driver': CMAKE_PREFIX_PATH=${CMAKE_PREFIX_PATH}:/home/mjc/nav2_ws/install/nav2_simple_commander:/home/mjc/dev/proj/gole_core_ros/install/wit_ros2_imu:/opt/ros/humble /usr/bin/cmake /home/mjc/dev/proj/gole_hector_slam/src/ydlidar_ros2_driver -DCMAKE_INSTALL_PREFIX=/home/mjc/dev/proj/gole_hector_slam/src/ydlidar_ros2_driver/install/ydlidar_ros2_driver
[2.535s] DEBUG:colcon.colcon_core.event_handler.log_command:Invoked command in '/home/mjc/dev/proj/gole_hector_slam/src/ydlidar_ros2_driver/build/ydlidar_ros2_driver' returned '0': CMAKE_PREFIX_PATH=${CMAKE_PREFIX_PATH}:/home/mjc/nav2_ws/install/nav2_simple_commander:/home/mjc/dev/proj/gole_core_ros/install/wit_ros2_imu:/opt/ros/humble /usr/bin/cmake /home/mjc/dev/proj/gole_hector_slam/src/ydlidar_ros2_driver -DCMAKE_INSTALL_PREFIX=/home/mjc/dev/proj/gole_hector_slam/src/ydlidar_ros2_driver/install/ydlidar_ros2_driver
[2.538s] DEBUG:colcon.colcon_core.event_handler.log_command:Invoking command in '/home/mjc/dev/proj/gole_hector_slam/src/ydlidar_ros2_driver/build/ydlidar_ros2_driver': CMAKE_PREFIX_PATH=${CMAKE_PREFIX_PATH}:/home/mjc/nav2_ws/install/nav2_simple_commander:/home/mjc/dev/proj/gole_core_ros/install/wit_ros2_imu:/opt/ros/humble /usr/bin/cmake --build /home/mjc/dev/proj/gole_hector_slam/src/ydlidar_ros2_driver/build/ydlidar_ros2_driver -- -j12 -l12
[11.047s] DEBUG:colcon.colcon_core.event_handler.log_command:Invoked command in '/home/mjc/dev/proj/gole_hector_slam/src/ydlidar_ros2_driver/build/ydlidar_ros2_driver' returned '2': CMAKE_PREFIX_PATH=${CMAKE_PREFIX_PATH}:/home/mjc/nav2_ws/install/nav2_simple_commander:/home/mjc/dev/proj/gole_core_ros/install/wit_ros2_imu:/opt/ros/humble /usr/bin/cmake --build /home/mjc/dev/proj/gole_hector_slam/src/ydlidar_ros2_driver/build/ydlidar_ros2_driver -- -j12 -l12
[11.079s] Level 1:colcon.colcon_core.environment:create_environment_scripts_only(ydlidar_ros2_driver)
[11.082s] Level 1:colcon.colcon_core.environment:checking '/home/mjc/dev/proj/gole_hector_slam/src/ydlidar_ros2_driver/install/ydlidar_ros2_driver' for CMake module files
[11.082s] Level 1:colcon.colcon_core.environment:checking '/home/mjc/dev/proj/gole_hector_slam/src/ydlidar_ros2_driver/install/ydlidar_ros2_driver' for CMake config files
[11.082s] Level 1:colcon.colcon_core.environment:checking '/home/mjc/dev/proj/gole_hector_slam/src/ydlidar_ros2_driver/install/ydlidar_ros2_driver/bin'
[11.082s] Level 1:colcon.colcon_core.environment:checking '/home/mjc/dev/proj/gole_hector_slam/src/ydlidar_ros2_driver/install/ydlidar_ros2_driver/lib/pkgconfig/ydlidar_ros2_driver.pc'
[11.082s] Level 1:colcon.colcon_core.environment:checking '/home/mjc/dev/proj/gole_hector_slam/src/ydlidar_ros2_driver/install/ydlidar_ros2_driver/lib/python3.10/site-packages'
[11.082s] Level 1:colcon.colcon_core.environment:checking '/home/mjc/dev/proj/gole_hector_slam/src/ydlidar_ros2_driver/install/ydlidar_ros2_driver/bin'
[11.083s] INFO:colcon.colcon_core.shell:Creating package script '/home/mjc/dev/proj/gole_hector_slam/src/ydlidar_ros2_driver/install/ydlidar_ros2_driver/share/ydlidar_ros2_driver/package.ps1'
[11.083s] INFO:colcon.colcon_core.shell:Creating package descriptor '/home/mjc/dev/proj/gole_hector_slam/src/ydlidar_ros2_driver/install/ydlidar_ros2_driver/share/ydlidar_ros2_driver/package.dsv'
[11.083s] INFO:colcon.colcon_core.shell:Creating package script '/home/mjc/dev/proj/gole_hector_slam/src/ydlidar_ros2_driver/install/ydlidar_ros2_driver/share/ydlidar_ros2_driver/package.sh'
[11.084s] INFO:colcon.colcon_core.shell:Creating package script '/home/mjc/dev/proj/gole_hector_slam/src/ydlidar_ros2_driver/install/ydlidar_ros2_driver/share/ydlidar_ros2_driver/package.bash'
[11.084s] INFO:colcon.colcon_core.shell:Creating package script '/home/mjc/dev/proj/gole_hector_slam/src/ydlidar_ros2_driver/install/ydlidar_ros2_driver/share/ydlidar_ros2_driver/package.zsh'
[11.084s] Level 1:colcon.colcon_core.environment:create_file_with_runtime_dependencies(/home/mjc/dev/proj/gole_hector_slam/src/ydlidar_ros2_driver/install/ydlidar_ros2_driver/share/colcon-core/packages/ydlidar_ros2_driver)
[11.095s] DEBUG:colcon.colcon_parallel_executor.executor.parallel:closing loop
[11.095s] DEBUG:colcon.colcon_parallel_executor.executor.parallel:loop closed
[11.095s] DEBUG:colcon.colcon_parallel_executor.executor.parallel:run_until_complete finished with '2'
[11.095s] DEBUG:colcon.colcon_core.event_reactor:joining thread
[11.100s] INFO:colcon.colcon_core.plugin_system:Skipping extension 'colcon_notification.desktop_notification.terminal_notifier': Not used on non-Darwin systems
[11.100s] INFO:colcon.colcon_core.plugin_system:Skipping extension 'colcon_notification.desktop_notification.win32': Not used on non-Windows systems
[11.100s] INFO:colcon.colcon_notification.desktop_notification:Sending desktop notification using 'notify2'
[11.109s] DEBUG:colcon.colcon_core.event_reactor:joined thread
[11.109s] INFO:colcon.colcon_core.shell:Creating prefix script '/home/mjc/dev/proj/gole_hector_slam/src/ydlidar_ros2_driver/install/local_setup.ps1'
[11.110s] INFO:colcon.colcon_core.shell:Creating prefix util module '/home/mjc/dev/proj/gole_hector_slam/src/ydlidar_ros2_driver/install/_local_setup_util_ps1.py'
[11.111s] INFO:colcon.colcon_core.shell:Creating prefix chain script '/home/mjc/dev/proj/gole_hector_slam/src/ydlidar_ros2_driver/install/setup.ps1'
[11.113s] INFO:colcon.colcon_core.shell:Creating prefix script '/home/mjc/dev/proj/gole_hector_slam/src/ydlidar_ros2_driver/install/local_setup.sh'
[11.113s] INFO:colcon.colcon_core.shell:Creating prefix util module '/home/mjc/dev/proj/gole_hector_slam/src/ydlidar_ros2_driver/install/_local_setup_util_sh.py'
[11.113s] INFO:colcon.colcon_core.shell:Creating prefix chain script '/home/mjc/dev/proj/gole_hector_slam/src/ydlidar_ros2_driver/install/setup.sh'
[11.115s] INFO:colcon.colcon_core.shell:Creating prefix script '/home/mjc/dev/proj/gole_hector_slam/src/ydlidar_ros2_driver/install/local_setup.bash'
[11.116s] INFO:colcon.colcon_core.shell:Creating prefix chain script '/home/mjc/dev/proj/gole_hector_slam/src/ydlidar_ros2_driver/install/setup.bash'
[11.117s] INFO:colcon.colcon_core.shell:Creating prefix script '/home/mjc/dev/proj/gole_hector_slam/src/ydlidar_ros2_driver/install/local_setup.zsh'
[11.118s] INFO:colcon.colcon_core.shell:Creating prefix chain script '/home/mjc/dev/proj/gole_hector_slam/src/ydlidar_ros2_driver/install/setup.zsh'
